160510 11:29:29 [Warning] Using unique option prefix myisam-recover instead of myisam-recover-options is deprecated and will be removed in a future release. Please use the full name instead.
160510 11:29:29 [Note] Plugin 'FEDERATED' is disabled.
160510 11:29:29 InnoDB: The InnoDB memory heap is disabled
160510 11:29:29 InnoDB: Mutexes and rw_locks use GCC atomic builtins
160510 11:29:29 InnoDB: Compressed tables use zlib 1.2.8
160510 11:29:29 InnoDB: Using Linux native AIO
160510 11:29:29 InnoDB: Initializing buffer pool, size = 128.0M
160510 11:29:29 InnoDB: Completed initialization of buffer pool
InnoDB: The first specified data file ./ibdata1 did not exist:
InnoDB: a new database to be created!
160510 11:29:29  InnoDB: Setting file ./ibdata1 size to 10 MB
InnoDB: Database physically writes the file full: wait...
160510 11:29:29  InnoDB: Log file ./ib_logfile0 did not exist: new to be created
InnoDB: Setting log file ./ib_logfile0 size to 5 MB
InnoDB: Database physically writes the file full: wait...
160510 11:29:29  InnoDB: Log file ./ib_logfile1 did not exist: new to be created
InnoDB: Setting log file ./ib_logfile1 size to 5 MB
InnoDB: Database physically writes the file full: wait...
InnoDB: Doublewrite buffer not found: creating new
InnoDB: Doublewrite buffer created
InnoDB: 127 rollback segment(s) active.
InnoDB: Creating foreign key constraint system tables
InnoDB: Foreign key constraint system tables created
160510 11:29:29  InnoDB: Waiting for the background threads to start
160510 11:29:30 InnoDB: 5.5.49 started; log sequence number 0
160510 11:29:30  InnoDB: Starting shutdown...
160510 11:29:31  InnoDB: Shutdown completed; log sequence number 1595675
160510 11:29:31 [Warning] Using unique option prefix myisam-recover instead of myisam-recover-options is deprecated and will be removed in a future release. Please use the full name instead.
160510 11:29:31 [Note] Plugin 'FEDERATED' is disabled.
160510 11:29:31 InnoDB: The InnoDB memory heap is disabled
160510 11:29:31 InnoDB: Mutexes and rw_locks use GCC atomic builtins
160510 11:29:31 InnoDB: Compressed tables use zlib 1.2.8
160510 11:29:31 InnoDB: Using Linux native AIO
160510 11:29:31 InnoDB: Initializing buffer pool, size = 128.0M
160510 11:29:31 InnoDB: Completed initialization of buffer pool
160510 11:29:31 InnoDB: highest supported file format is Barracuda.
160510 11:29:31  InnoDB: Waiting for the background threads to start
160510 11:29:32 InnoDB: 5.5.49 started; log sequence number 1595675
160510 11:29:32  InnoDB: Starting shutdown...
160510 11:29:33  InnoDB: Shutdown completed; log sequence number 1595675
160510 11:29:33 [Warning] Using unique option prefix myisam-recover instead of myisam-recover-options is deprecated and will be removed in a future release. Please use the full name instead.
160510 11:29:33 [Note] Plugin 'FEDERATED' is disabled.
160510 11:29:33 InnoDB: The InnoDB memory heap is disabled
160510 11:29:33 InnoDB: Mutexes and rw_locks use GCC atomic builtins
160510 11:29:33 InnoDB: Compressed tables use zlib 1.2.8
160510 11:29:33 InnoDB: Using Linux native AIO
160510 11:29:33 InnoDB: Initializing buffer pool, size = 128.0M
160510 11:29:33 InnoDB: Completed initialization of buffer pool
160510 11:29:33 InnoDB: highest supported file format is Barracuda.
160510 11:29:33  InnoDB: Waiting for the background threads to start
160510 11:29:34 InnoDB: 5.5.49 started; log sequence number 1595675
ERROR: 1064  You have an error in your SQL syntax; check the manual that corresponds to your MySQL server version for the right syntax to use near 'ALTER TABLE user ADD column Show_view_priv enum('N','Y') CHARACTER SET utf8 NOT ' at line 1
160510 11:29:34 [ERROR] Aborting

160510 11:29:34  InnoDB: Starting shutdown...
160510 11:29:35  InnoDB: Shutdown completed; log sequence number 1595675
160510 11:29:35 [Note] /usr/sbin/mysqld: Shutdown complete

160510 11:29:35 [Warning] Using unique option prefix myisam-recover instead of myisam-recover-options is deprecated and will be removed in a future release. Please use the full name instead.
160510 11:29:35 [Note] Plugin 'FEDERATED' is disabled.
160510 11:29:35 InnoDB: The InnoDB memory heap is disabled
160510 11:29:35 InnoDB: Mutexes and rw_locks use GCC atomic builtins
160510 11:29:35 InnoDB: Compressed tables use zlib 1.2.8
160510 11:29:35 InnoDB: Using Linux native AIO
160510 11:29:35 InnoDB: Initializing buffer pool, size = 128.0M
160510 11:29:35 InnoDB: Completed initialization of buffer pool
160510 11:29:35 InnoDB: highest supported file format is Barracuda.
160510 11:29:35  InnoDB: Waiting for the background threads to start
160510 11:29:36 InnoDB: 5.5.49 started; log sequence number 1595675
160510 11:29:36  InnoDB: Starting shutdown...
160510 11:29:37  InnoDB: Shutdown completed; log sequence number 1595675
160510 11:29:37 [Warning] Using unique option prefix myisam-recover instead of myisam-recover-options is deprecated and will be removed in a future release. Please use the full name instead.
160510 11:29:37 [Note] Plugin 'FEDERATED' is disabled.
160510 11:29:37 InnoDB: The InnoDB memory heap is disabled
160510 11:29:37 InnoDB: Mutexes and rw_locks use GCC atomic builtins
160510 11:29:37 InnoDB: Compressed tables use zlib 1.2.8
160510 11:29:37 InnoDB: Using Linux native AIO
160510 11:29:37 InnoDB: Initializing buffer pool, size = 128.0M
160510 11:29:37 InnoDB: Completed initialization of buffer pool
160510 11:29:37 InnoDB: highest supported file format is Barracuda.
160510 11:29:37  InnoDB: Waiting for the background threads to start
160510 11:29:38 InnoDB: 5.5.49 started; log sequence number 1595675
ERROR: 1050  Table 'plugin' already exists
160510 11:29:38 [ERROR] Aborting

160510 11:29:38  InnoDB: Starting shutdown...
160510 11:29:39  InnoDB: Shutdown completed; log sequence number 1595675
160510 11:29:39 [Note] /usr/sbin/mysqld: Shutdown complete

160510 12:05:08 mysqld_safe Starting mysqld daemon with databases from /var/lib/mysql
160510 12:05:08 [Warning] Using unique option prefix key_buffer instead of key_buffer_size is deprecated and will be removed in a future release. Please use the full name instead.
160510 12:05:08 [Note] /usr/sbin/mysqld (mysqld 5.5.49-0+deb8u1) starting as process 9857 ...
160510 12:05:08 [Warning] Using unique option prefix myisam-recover instead of myisam-recover-options is deprecated and will be removed in a future release. Please use the full name instead.
160510 12:05:08 [Note] Plugin 'FEDERATED' is disabled.
160510 12:05:08 InnoDB: The InnoDB memory heap is disabled
160510 12:05:08 InnoDB: Mutexes and rw_locks use GCC atomic builtins
160510 12:05:08 InnoDB: Compressed tables use zlib 1.2.8
160510 12:05:08 InnoDB: Using Linux native AIO
160510 12:05:09 InnoDB: Initializing buffer pool, size = 128.0M
160510 12:05:09 InnoDB: Completed initialization of buffer pool
160510 12:05:09 InnoDB: highest supported file format is Barracuda.
160510 12:05:09  InnoDB: Waiting for the background threads to start
160510 12:05:10 InnoDB: 5.5.49 started; log sequence number 1595675
160510 12:05:10 [Note] Server hostname (bind-address): '127.0.0.1'; port: 3306
160510 12:05:10 [Note]   - '127.0.0.1' resolves to '127.0.0.1';
160510 12:05:10 [Note] Server socket created on IP: '127.0.0.1'.
160510 12:05:10 [Note] Event Scheduler: Loaded 0 events
160510 12:05:10 [Note] /usr/sbin/mysqld: ready for connections.
Version: '5.5.49-0+deb8u1'  socket: '/var/run/mysqld/mysqld.sock'  port: 3306  (Debian)
