
Start-Date: 2016-05-10  11:28:20
Commandline: apt-get upgrade
Upgrade: tzdata:amd64 (2016c-0+deb8u1, 2016d-0+deb8u1)
End-Date: 2016-05-10  11:28:21

Start-Date: 2016-05-10  11:28:43
Commandline: apt-get install apache2 php5 mysql-server
Install: mime-support:amd64 (3.58, automatic), liblog-message-perl:amd64 (0.8-1, automatic), apache2-utils:amd64 (2.4.10-10+deb8u4, automatic), libedit2:amd64 (3.1-20140620-2, automatic), liblua5.1-0:amd64 (5.1.5-7.1, automatic), libsasl2-modules-db:amd64 (2.1.26.dfsg1-13+deb8u1, automatic), mysql-server-core-5.5:amd64 (5.5.49-0+deb8u1, automatic), libparams-util-perl:amd64 (1.07-2+b1, automatic), mysql-server-5.5:amd64 (5.5.49-0+deb8u1, automatic), perl:amd64 (5.20.2-3+deb8u4, automatic), libaio1:amd64 (0.3.110-1, automatic), libssl1.0.0:amd64 (1.0.1k-3+deb8u5, automatic), libaprutil1:amd64 (1.5.4-1, automatic), libgnutls-deb0-28:amd64 (3.3.8-6+deb8u3, automatic), libgssapi-krb5-2:amd64 (1.12.1+dfsg-19+deb8u2, automatic), libapache2-mod-php5:amd64 (5.6.20+dfsg-0+deb8u1, automatic), rename:amd64 (0.20-3, automatic), libsoftware-license-perl:amd64 (0.103010-3, automatic), liblog-message-simple-perl:amd64 (0.10-2, automatic), php5-common:amd64 (5.6.20+dfsg-0+deb8u1, automatic), libmodule-signature-perl:amd64 (0.73-1+deb8u2, automatic), libkrb5-3:amd64 (1.12.1+dfsg-19+deb8u2, automatic), libonig2:amd64 (5.9.5-3.2, automatic), libclass-c3-xs-perl:amd64 (0.13-2+b1, automatic), libjson-c2:amd64 (0.11-4, automatic), libqdbm14:amd64 (1.8.78-5+b1, automatic), file:amd64 (5.22+15-2+deb8u1, automatic), libaprutil1-dbd-sqlite3:amd64 (1.5.4-1, automatic), libmagic1:amd64 (5.22+15-2+deb8u1, automatic), libsub-install-perl:amd64 (0.928-1, automatic), libalgorithm-c3-perl:amd64 (0.09-1, automatic), php5-readline:amd64 (5.6.20+dfsg-0+deb8u1, automatic), libpod-readme-perl:amd64 (0.11-1, automatic), libmodule-build-perl:amd64 (0.421000-2, automatic), psmisc:amd64 (22.21-2, automatic), php5:amd64 (5.6.20+dfsg-0+deb8u1), ssl-cert:amd64 (1.0.35, automatic), libclass-c3-perl:amd64 (0.26-1, automatic), libcgi-pm-perl:amd64 (4.09-1, automatic), libldap-2.4-2:amd64 (2.4.40+dfsg-1+deb8u2, automatic), libterm-ui-perl:amd64 (0.42-1, automatic), libsqlite3-0:amd64 (3.8.7.1-1+deb8u1, automatic), mysql-client-5.5:amd64 (5.5.49-0+deb8u1, automatic), krb5-locales:amd64 (1.12.1+dfsg-19+deb8u2, automatic), libxml2:amd64 (2.9.1+dfsg1-5+deb8u1, automatic), libhtml-template-perl:amd64 (2.95-1, automatic), libterm-readkey-perl:amd64 (2.32-1+b1, automatic), libaprutil1-ldap:amd64 (1.5.4-1, automatic), perl-modules:amd64 (5.20.2-3+deb8u4, automatic), libgmp10:amd64 (6.0.0+dfsg-6, automatic), libcpan-meta-perl:amd64 (2.142690-1, automatic), libsub-exporter-perl:amd64 (0.986-1, automatic), libgdbm3:amd64 (1.8.3-13.1, automatic), libhogweed2:amd64 (2.7.1-5+deb8u1, automatic), mysql-common:amd64 (5.5.49-0+deb8u1, automatic), php5-cli:amd64 (5.6.20+dfsg-0+deb8u1, automatic), libp11-kit0:amd64 (0.20.7-1, automatic), libpod-latex-perl:amd64 (0.61-1, automatic), libregexp-common-perl:amd64 (2013031301-1, automatic), libmysqlclient18:amd64 (5.5.49-0+deb8u1, automatic), apache2-data:amd64 (2.4.10-10+deb8u4, automatic), libfcgi-perl:amd64 (0.77-1+b1, automatic), lsof:amd64 (4.86+dfsg-1, automatic), sgml-base:amd64 (1.26+nmu4, automatic), php5-json:amd64 (1.3.6-1, automatic), libtext-soundex-perl:amd64 (3.4-1+b2, automatic), libdata-optlist-perl:amd64 (0.109-1, automatic), libnettle4:amd64 (2.7.1-5+deb8u1, automatic), libmodule-pluggable-perl:amd64 (5.1-1, automatic), libperl4-corelibs-perl:amd64 (0.003-1, automatic), libapr1:amd64 (1.5.1-3, automatic), libbsd0:amd64 (0.7.0-2, automatic), xml-core:amd64 (0.13+nmu2, automatic), libsasl2-modules:amd64 (2.1.26.dfsg1-13+deb8u1, automatic), ucf:amd64 (3.0030, automatic), libtext-template-perl:amd64 (1.46-1, automatic), libpackage-constants-perl:amd64 (0.04-1, automatic), libsasl2-2:amd64 (2.1.26.dfsg1-13+deb8u1, automatic), libexpat1:amd64 (2.1.0-6+deb8u1, automatic), apache2:amd64 (2.4.10-10+deb8u4), mysql-server:amd64 (5.5.49-0+deb8u1), openssl:amd64 (1.0.1k-3+deb8u5, automatic), apache2-bin:amd64 (2.4.10-10+deb8u4, automatic), libtasn1-6:amd64 (4.2-3+deb8u2, automatic), libwrap0:amd64 (7.6.q-25, automatic), libarchive-extract-perl:amd64 (0.72-1, automatic), libkeyutils1:amd64 (1.5.9-5+b1, automatic), libdbd-mysql-perl:amd64 (4.028-2+b1, automatic), libkrb5support0:amd64 (1.12.1+dfsg-19+deb8u2, automatic), libk5crypto3:amd64 (1.12.1+dfsg-19+deb8u2, automatic), tcpd:amd64 (7.6.q-25, automatic), libdbi-perl:amd64 (1.631-3+b1, automatic), libdata-section-perl:amd64 (0.200006-1, automatic), libmro-compat-perl:amd64 (0.12-1, automatic), libffi6:amd64 (3.1-2+b2, automatic), libcgi-fast-perl:amd64 (2.04-1, automatic)
End-Date: 2016-05-10  11:29:46

Start-Date: 2016-05-10  11:30:05
Commandline: apt-get install phpmyadmin
Install: libxau6:amd64 (1.0.8-1, automatic), libltdl7:amd64 (2.4.2-1.11, automatic), php5-mysql:amd64 (5.6.20+dfsg-0+deb8u1, automatic), libpng12-0:amd64 (1.2.50-2+deb8u2, automatic), libfontconfig1:amd64 (2.11.0-6.3, automatic), libtiff5:amd64 (4.0.3-12.3+deb8u1, automatic), libx11-data:amd64 (1.6.2-3, automatic), dbconfig-common:amd64 (1.8.47+nmu3+deb8u1, automatic), php5-mcrypt:amd64 (5.6.20+dfsg-0+deb8u1, automatic), libfreetype6:amd64 (2.5.2-3+deb8u1, automatic), libxcb1:amd64 (1.10-3+b1, automatic), libvpx1:amd64 (1.3.0-3, automatic), libmcrypt4:amd64 (2.5.8-3.3, automatic), fontconfig-config:amd64 (2.11.0-6.3, automatic), phpmyadmin:amd64 (4.2.12-2+deb8u1), libgd3:amd64 (2.1.0-5+deb8u1, automatic), libjs-jquery:amd64 (1.7.2+dfsg-3.2, automatic), libxdmcp6:amd64 (1.1.1-1+b1, automatic), php-tcpdf:amd64 (6.0.093+dfsg-1, automatic), libjs-underscore:amd64 (1.7.0~dfsg-1, automatic), libjs-sphinxdoc:amd64 (1.2.3+dfsg-1, automatic), php-gettext:amd64 (1.0.11-1, automatic), libjbig0:amd64 (2.1-3.1, automatic), libjpeg62-turbo:amd64 (1.3.1-12, automatic), javascript-common:amd64 (11, automatic), php5-gd:amd64 (5.6.20+dfsg-0+deb8u1, automatic), fonts-dejavu-core:amd64 (2.34-1, automatic), libx11-6:amd64 (1.6.2-3, automatic), libxpm4:amd64 (3.5.11-1+b1, automatic)
End-Date: 2016-05-10  11:31:18

Start-Date: 2016-05-10  11:31:51
Commandline: apt-get install postfix postfix-mysql libsasl2-modules sasl2-bin
Install: libpython2.7-stdlib:amd64 (2.7.9-2, automatic), postfix:amd64 (2.11.3-1), python-minimal:amd64 (2.7.9-1, automatic), postfix-mysql:amd64 (2.11.3-1), cpio:amd64 (2.11+dfsg-4.1+deb8u1, automatic), db-util:amd64 (5.3.0, automatic), python2.7:amd64 (2.7.9-2, automatic), sasl2-bin:amd64 (2.1.26.dfsg1-13+deb8u1), python:amd64 (2.7.9-1, automatic), libpython-stdlib:amd64 (2.7.9-1, automatic), python2.7-minimal:amd64 (2.7.9-2, automatic), libpython2.7-minimal:amd64 (2.7.9-2, automatic), db5.3-util:amd64 (5.3.28-9, automatic)
End-Date: 2016-05-10  11:32:44

Start-Date: 2016-05-10  11:33:06
Commandline: apt-get install postfixadmin
Install: libc-client2007e:amd64 (2007f~dfsg-4, automatic), dovecot-core:amd64 (2.2.13-12~deb8u1, automatic), postfixadmin:amd64 (2.3.7-1), mlock:amd64 (2007f~dfsg-4, automatic), wwwconfig-common:amd64 (0.2.2, automatic), php5-imap:amd64 (5.6.20+dfsg-0+deb8u1, automatic), zendframework:amd64 (1.12.9+dfsg-2+deb8u5, automatic), init-system-helpers:amd64 (1.22, automatic)
End-Date: 2016-05-10  11:33:41

Start-Date: 2016-05-10  11:34:09
Commandline: apt-get install dovecot-mysql dovecot-pop3d dovecot-imapd dovecot-managesieved
Install: dovecot-sieve:amd64 (2.2.13-12~deb8u1, automatic), dovecot-managesieved:amd64 (2.2.13-12~deb8u1), dovecot-mysql:amd64 (2.2.13-12~deb8u1), dovecot-pop3d:amd64 (2.2.13-12~deb8u1), dovecot-imapd:amd64 (2.2.13-12~deb8u1)
End-Date: 2016-05-10  11:34:13

Start-Date: 2016-05-10  11:34:41
Commandline: apt-get install vim
Install: vim-common:amd64 (7.4.488-7, automatic), vim:amd64 (7.4.488-7), vim-runtime:amd64 (7.4.488-7, automatic), libgpm2:amd64 (1.20.4-6.1+b2, automatic)
End-Date: 2016-05-10  11:34:44

Start-Date: 2016-05-11  12:01:19
Commandline: apt-get install wget
Install: libicu52:amd64 (52.1-8+deb8u3, automatic), libpsl0:amd64 (0.5.1-1, automatic), libidn11:amd64 (1.29-1+b2, automatic), wget:amd64 (1.16-1), ca-certificates:amd64 (20141019+deb8u1, automatic)
End-Date: 2016-05-11  12:01:25

Start-Date: 2016-05-12  14:54:11
Commandline: apt-get install syslog-ng
Install: libdbi1:amd64 (0.9.0-4, automatic), geoip-database:amd64 (20150317-1, automatic), syslog-ng-mod-stomp:amd64 (3.5.6-2+b1, automatic), xdg-user-dirs:amd64 (0.15-2, automatic), bsd-mailx:amd64 (8.1.2-0.20141216cvs-2, automatic), syslog-ng-mod-json:amd64 (3.5.6-2+b1, automatic), syslog-ng-core:amd64 (3.5.6-2+b1, automatic), libpopt0:amd64 (1.16-10, automatic), syslog-ng-mod-smtp:amd64 (3.5.6-2+b1, automatic), syslog-ng:amd64 (3.5.6-2), liblockfile1:amd64 (1.09-6, automatic), libglib2.0-0:amd64 (2.42.1-1+b1, automatic), libivykis0:amd64 (0.36.2-1, automatic), syslog-ng-mod-amqp:amd64 (3.5.6-2+b1, automatic), libhiredis0.10:amd64 (0.11.0-4, automatic), syslog-ng-mod-sql:amd64 (3.5.6-2+b1, automatic), libnet1:amd64 (1.1.6+dfsg-3, automatic), libglib2.0-data:amd64 (2.42.1-1, automatic), libesmtp6:amd64 (1.0.6-4, automatic), liblockfile-bin:amd64 (1.09-6, automatic), libevtlog0:amd64 (0.2.12-6, automatic), logrotate:amd64 (3.8.7-1+b1, automatic), libmongo-client0:amd64 (0.1.8-1, automatic), syslog-ng-mod-geoip:amd64 (3.5.6-2+b1, automatic), syslog-ng-mod-redis:amd64 (3.5.6-2+b1, automatic), syslog-ng-mod-mongodb:amd64 (3.5.6-2+b1, automatic), libgeoip1:amd64 (1.6.2-4, automatic), shared-mime-info:amd64 (1.3-1, automatic), cron:amd64 (3.0pl1-127+deb8u1, automatic)
End-Date: 2016-05-12  14:54:24
