update-alternatives 2016-05-10 11:29:22: run with --install /usr/bin/rename rename /usr/bin/prename 60 --slave /usr/share/man/man1/rename.1.gz rename.1.gz /usr/share/man/man1/prename.1.gz
update-alternatives 2016-05-10 11:29:22: link group rename updated to point to /usr/bin/prename
update-alternatives 2016-05-10 11:29:41: run with --install /usr/bin/php php /usr/bin/php5 50 --slave /usr/share/man/man1/php.1.gz php.1.gz /usr/share/man/man1/php5.1.gz
update-alternatives 2016-05-10 11:29:41: link group php updated to point to /usr/bin/php5
update-alternatives 2016-05-10 11:29:41: run with --install /usr/bin/phar phar /usr/bin/phar5 50 --slave /usr/share/man/man1/phar.1.gz phar.1.gz /usr/share/man/man1/phar5.1.gz
update-alternatives 2016-05-10 11:29:41: link group phar updated to point to /usr/bin/phar5
update-alternatives 2016-05-10 11:29:45: run with --install /usr/bin/rename rename /usr/bin/file-rename 70 --slave /usr/share/man/man1/rename.1.gz rename.1.gz /usr/share/man/man1/file-rename.1p.gz
update-alternatives 2016-05-10 11:29:45: link group rename updated to point to /usr/bin/file-rename
update-alternatives 2016-05-10 11:32:39: run with --install /bin/mt mt /bin/mt-gnu 10 --slave /usr/share/man/man1/mt.1.gz mt.1.gz /usr/share/man/man1/mt-gnu.1.gz
update-alternatives 2016-05-10 11:32:39: link group mt updated to point to /bin/mt-gnu
update-alternatives 2016-05-10 11:34:44: run with --install /usr/bin/vim vim /usr/bin/vim.basic 30
update-alternatives 2016-05-10 11:34:44: link group vim updated to point to /usr/bin/vim.basic
update-alternatives 2016-05-10 11:34:44: run with --install /usr/bin/vimdiff vimdiff /usr/bin/vim.basic 30
update-alternatives 2016-05-10 11:34:44: link group vimdiff updated to point to /usr/bin/vim.basic
update-alternatives 2016-05-10 11:34:44: run with --install /usr/bin/rvim rvim /usr/bin/vim.basic 30
update-alternatives 2016-05-10 11:34:44: link group rvim updated to point to /usr/bin/vim.basic
update-alternatives 2016-05-10 11:34:44: run with --install /usr/bin/rview rview /usr/bin/vim.basic 30
update-alternatives 2016-05-10 11:34:44: link group rview updated to point to /usr/bin/vim.basic
update-alternatives 2016-05-10 11:34:44: run with --install /usr/bin/vi vi /usr/bin/vim.basic 30 --slave /usr/share/man/fr/man1/vi.1.gz vi.fr.1.gz /usr/share/man/fr/man1/vim.1.gz --slave /usr/share/man/it/man1/vi.1.gz vi.it.1.gz /usr/share/man/it/man1/vim.1.gz --slave /usr/share/man/pl/man1/vi.1.gz vi.pl.1.gz /usr/share/man/pl/man1/vim.1.gz --slave /usr/share/man/ru/man1/vi.1.gz vi.ru.1.gz /usr/share/man/ru/man1/vim.1.gz --slave /usr/share/man/ja/man1/vi.1.gz vi.ja.1.gz /usr/share/man/ja/man1/vim.1.gz --slave /usr/share/man/man1/vi.1.gz vi.1.gz /usr/share/man/man1/vim.1.gz
update-alternatives 2016-05-10 11:34:44: link group vi updated to point to /usr/bin/vim.basic
update-alternatives 2016-05-10 11:34:44: run with --install /usr/bin/view view /usr/bin/vim.basic 30 --slave /usr/share/man/fr/man1/view.1.gz view.fr.1.gz /usr/share/man/fr/man1/vim.1.gz --slave /usr/share/man/it/man1/view.1.gz view.it.1.gz /usr/share/man/it/man1/vim.1.gz --slave /usr/share/man/pl/man1/view.1.gz view.pl.1.gz /usr/share/man/pl/man1/vim.1.gz --slave /usr/share/man/ru/man1/view.1.gz view.ru.1.gz /usr/share/man/ru/man1/vim.1.gz --slave /usr/share/man/ja/man1/view.1.gz view.ja.1.gz /usr/share/man/ja/man1/vim.1.gz --slave /usr/share/man/man1/view.1.gz view.1.gz /usr/share/man/man1/vim.1.gz
update-alternatives 2016-05-10 11:34:44: link group view updated to point to /usr/bin/vim.basic
update-alternatives 2016-05-10 11:34:44: run with --install /usr/bin/ex ex /usr/bin/vim.basic 30 --slave /usr/share/man/fr/man1/ex.1.gz ex.fr.1.gz /usr/share/man/fr/man1/vim.1.gz --slave /usr/share/man/it/man1/ex.1.gz ex.it.1.gz /usr/share/man/it/man1/vim.1.gz --slave /usr/share/man/pl/man1/ex.1.gz ex.pl.1.gz /usr/share/man/pl/man1/vim.1.gz --slave /usr/share/man/ru/man1/ex.1.gz ex.ru.1.gz /usr/share/man/ru/man1/vim.1.gz --slave /usr/share/man/ja/man1/ex.1.gz ex.ja.1.gz /usr/share/man/ja/man1/vim.1.gz --slave /usr/share/man/man1/ex.1.gz ex.1.gz /usr/share/man/man1/vim.1.gz
update-alternatives 2016-05-10 11:34:44: link group ex updated to point to /usr/bin/vim.basic
update-alternatives 2016-05-10 11:34:44: run with --install /usr/bin/editor editor /usr/bin/vim.basic 30 --slave /usr/share/man/fr/man1/editor.1.gz editor.fr.1.gz /usr/share/man/fr/man1/vim.1.gz --slave /usr/share/man/it/man1/editor.1.gz editor.it.1.gz /usr/share/man/it/man1/vim.1.gz --slave /usr/share/man/pl/man1/editor.1.gz editor.pl.1.gz /usr/share/man/pl/man1/vim.1.gz --slave /usr/share/man/ru/man1/editor.1.gz editor.ru.1.gz /usr/share/man/ru/man1/vim.1.gz --slave /usr/share/man/ja/man1/editor.1.gz editor.ja.1.gz /usr/share/man/ja/man1/vim.1.gz --slave /usr/share/man/man1/editor.1.gz editor.1.gz /usr/share/man/man1/vim.1.gz
update-alternatives 2016-05-10 11:34:44: link group editor updated to point to /usr/bin/vim.basic
update-alternatives 2016-05-12 14:54:17: run with --install /usr/bin/mailx mailx /usr/bin/bsd-mailx 50 --slave /usr/bin/mail mail /usr/bin/bsd-mailx --slave /usr/bin/Mail Mail /usr/bin/bsd-mailx --slave /usr/share/man/man1/mailx.1.gz mailx.1.gz /usr/share/man/man1/bsd-mailx.1.gz --slave /usr/share/man/man1/mail.1.gz mail.1.gz /usr/share/man/man1/bsd-mailx.1.gz --slave /usr/share/man/man1/Mail.1.gz Mail.1.gz /usr/share/man/man1/bsd-mailx.1.gz
update-alternatives 2016-05-12 14:54:17: link group mailx updated to point to /usr/bin/bsd-mailx
